{"sessionId":"b1a21f","runId":"pre-fix","hypothesisId":"H7","location":"server/controllers/publicController.js:getDestinations","message":"public destinations formatted","data":{"count":4,"sample":{"id":"41ba3eac-ab58-4356-9192-72b0854983fa","activitiesCount":2}},"timestamp":1773771244358}
{"sessionId":"b1a21f","runId":"pre-fix","hypothesisId":"H-ui2","location":"admin/src/main.jsx:BootLog","message":"root mounted","data":{"path":"/admin"},"timestamp":1773771279448}
{"sessionId":"b1a21f","runId":"pre-fix","hypothesisId":"H-ui2","location":"admin/src/main.jsx:BootLog","message":"root mounted","data":{"path":"/admin"},"timestamp":1773771279451}
{"sessionId":"b1a21f","runId":"pre-fix","hypothesisId":"H-ui4","location":"admin/src/pages/admin/DashboardOverview.jsx","message":"DashboardOverview mounted","data":{"path":"/admin"},"timestamp":1773771279690}
{"sessionId":"b1a21f","runId":"pre-fix","hypothesisId":"H-ui3","location":"admin/src/layouts/AdminLayout.jsx","message":"AdminLayout mounted","data":{"path":"/admin"},"timestamp":1773771279705}
{"sessionId":"b1a21f","runId":"pre-fix","hypothesisId":"H-ui","location":"admin/src/App.jsx:RequireAuth","message":"RequireAuth render state","data":{"hydrated":true,"isAuthenticated":true,"path":"/admin"},"timestamp":1773771279711}
{"sessionId":"b1a21f","runId":"pre-fix","hypothesisId":"H-ui4","location":"admin/src/pages/admin/DashboardOverview.jsx","message":"DashboardOverview mounted","data":{"path":"/admin"},"timestamp":1773771279725}
{"sessionId":"b1a21f","runId":"pre-fix","hypothesisId":"H-ui3","location":"admin/src/layouts/AdminLayout.jsx","message":"AdminLayout mounted","data":{"path":"/admin"},"timestamp":1773771279727}
{"sessionId":"b1a21f","runId":"pre-fix","hypothesisId":"H-ui","location":"admin/src/App.jsx:RequireAuth","message":"RequireAuth render state","data":{"hydrated":true,"isAuthenticated":true,"path":"/admin"},"timestamp":1773771279731}
{"sessionId":"b1a21f","runId":"pre-fix","hypothesisId":"H-ui5","location":"admin/src/layouts/AdminLayout.jsx:postPaint","message":"AdminLayout post-paint DOM stats","data":{"path":"/admin","bodyChildCount":3,"rootChildCount":1,"elementCount":234,"viewport":{"w":1200,"h":690}},"timestamp":1773771279783}
{"sessionId":"b1a21f","runId":"pre-fix","hypothesisId":"H-ui","location":"admin/src/App.jsx:RequireAuth","message":"RequireAuth render state","data":{"hydrated":true,"isAuthenticated":false,"path":"/login"},"timestamp":1773771279828}
{"sessionId":"b1a21f","runId":"pre-fix","hypothesisId":"H-ui2","location":"admin/src/main.jsx:BootLog","message":"root mounted","data":{"path":"/login"},"timestamp":1773771280215}
{"sessionId":"b1a21f","runId":"pre-fix","hypothesisId":"H-ui2","location":"admin/src/main.jsx:BootLog","message":"root mounted","data":{"path":"/login"},"timestamp":1773771280221}
{"sessionId":"b1a21f","runId":"pre-fix","hypothesisId":"H-ui2","location":"admin/src/main.jsx:BootLog","message":"root mounted","data":{"path":"/admin"},"timestamp":1773806262380}
{"sessionId":"b1a21f","runId":"pre-fix","hypothesisId":"H-ui2","location":"admin/src/main.jsx:BootLog","message":"root mounted","data":{"path":"/admin"},"timestamp":1773806262384}
{"sessionId":"b1a21f","runId":"pre-fix","hypothesisId":"H-ui4","location":"admin/src/pages/admin/DashboardOverview.jsx","message":"DashboardOverview mounted","data":{"path":"/admin"},"timestamp":1773806262729}
{"sessionId":"b1a21f","runId":"pre-fix","hypothesisId":"H-ui3","location":"admin/src/layouts/AdminLayout.jsx","message":"AdminLayout mounted","data":{"path":"/admin"},"timestamp":1773806262734}
{"sessionId":"b1a21f","runId":"pre-fix","hypothesisId":"H-ui","location":"admin/src/App.jsx:RequireAuth","message":"RequireAuth render state","data":{"hydrated":true,"isAuthenticated":true,"path":"/admin"},"timestamp":1773806262736}
{"sessionId":"b1a21f","runId":"pre-fix","hypothesisId":"H-ui4","location":"admin/src/pages/admin/DashboardOverview.jsx","message":"DashboardOverview mounted","data":{"path":"/admin"},"timestamp":1773806262737}
{"sessionId":"b1a21f","runId":"pre-fix","hypothesisId":"H-ui3","location":"admin/src/layouts/AdminLayout.jsx","message":"AdminLayout mounted","data":{"path":"/admin"},"timestamp":1773806262740}
{"sessionId":"b1a21f","runId":"pre-fix","hypothesisId":"H-ui","location":"admin/src/App.jsx:RequireAuth","message":"RequireAuth render state","data":{"hydrated":true,"isAuthenticated":true,"path":"/admin"},"timestamp":1773806262754}
{"sessionId":"b1a21f","runId":"pre-fix","hypothesisId":"H-ui5","location":"admin/src/layouts/AdminLayout.jsx:postPaint","message":"AdminLayout post-paint DOM stats","data":{"path":"/admin","bodyChildCount":3,"rootChildCount":1,"elementCount":235,"viewport":{"w":1800,"h":1015}},"timestamp":1773806262810}
{"sessionId":"b1a21f","runId":"pre-fix","hypothesisId":"H-ui","location":"admin/src/App.jsx:RequireAuth","message":"RequireAuth render state","data":{"hydrated":true,"isAuthenticated":false,"path":"/login"},"timestamp":1773806262815}
{"sessionId":"b1a21f","runId":"pre-fix","hypothesisId":"H-ui2","location":"admin/src/main.jsx:BootLog","message":"root mounted","data":{"path":"/login"},"timestamp":1773806263282}
{"sessionId":"b1a21f","runId":"pre-fix","hypothesisId":"H-ui2","location":"admin/src/main.jsx:BootLog","message":"root mounted","data":{"path":"/login"},"timestamp":1773806263285}
{"sessionId":"b1a21f","runId":"pre-fix","hypothesisId":"H7","location":"server/controllers/publicController.js:getDestinations","message":"public destinations formatted","data":{"count":4,"sample":{"id":"41ba3eac-ab58-4356-9192-72b0854983fa","activitiesCount":2}},"timestamp":1773806267620}
{"sessionId":"b1a21f","runId":"pre-fix","hypothesisId":"H6","location":"server/controllers/authController.js:login","message":"login issued token","data":{"userIdType":"string","userRole":"ADMIN","hasJWTSecret":true},"timestamp":1773806271945}
{"sessionId":"b1a21f","runId":"pre-fix","hypothesisId":"H-ui4","location":"admin/src/pages/admin/DashboardOverview.jsx","message":"DashboardOverview mounted","data":{"path":"/admin"},"timestamp":1773806272025}
{"sessionId":"b1a21f","runId":"pre-fix","hypothesisId":"H-ui3","location":"admin/src/layouts/AdminLayout.jsx","message":"AdminLayout mounted","data":{"path":"/admin"},"timestamp":1773806272028}
{"sessionId":"b1a21f","runId":"pre-fix","hypothesisId":"H-ui","location":"admin/src/App.jsx:RequireAuth","message":"RequireAuth render state","data":{"hydrated":true,"isAuthenticated":true,"path":"/admin"},"timestamp":1773806272030}
{"sessionId":"b1a21f","runId":"pre-fix","hypothesisId":"H-ui4","location":"admin/src/pages/admin/DashboardOverview.jsx","message":"DashboardOverview mounted","data":{"path":"/admin"},"timestamp":1773806272033}
{"sessionId":"b1a21f","runId":"pre-fix","hypothesisId":"H-ui5","location":"admin/src/layouts/AdminLayout.jsx:postPaint","message":"AdminLayout post-paint DOM stats","data":{"path":"/admin","bodyChildCount":3,"rootChildCount":1,"elementCount":234,"viewport":{"w":1800,"h":1015}},"timestamp":1773806272036}
{"sessionId":"b1a21f","runId":"pre-fix","hypothesisId":"H-ui3","location":"admin/src/layouts/AdminLayout.jsx","message":"AdminLayout mounted","data":{"path":"/admin"},"timestamp":1773806272038}
{"sessionId":"b1a21f","runId":"pre-fix","hypothesisId":"H-ui","location":"admin/src/App.jsx:RequireAuth","message":"RequireAuth render state","data":{"hydrated":true,"isAuthenticated":true,"path":"/admin"},"timestamp":1773806272041}
{"sessionId":"b1a21f","runId":"pre-fix","hypothesisId":"H7","location":"server/controllers/publicController.js:getDestinations","message":"public destinations formatted","data":{"count":4,"sample":{"id":"41ba3eac-ab58-4356-9192-72b0854983fa","activitiesCount":2}},"timestamp":1773806278890}
{"sessionId":"b1a21f","runId":"pre-fix","hypothesisId":"H-ui3","location":"admin/src/layouts/AdminLayout.jsx","message":"AdminLayout mounted","data":{"path":"/admin/tree"},"timestamp":1773806302872}
{"sessionId":"b1a21f","runId":"pre-fix","hypothesisId":"H-ui5","location":"admin/src/layouts/AdminLayout.jsx:postPaint","message":"AdminLayout post-paint DOM stats","data":{"path":"/admin/tree","bodyChildCount":3,"rootChildCount":1,"elementCount":160,"viewport":{"w":1800,"h":1015}},"timestamp":1773806302879}
{"sessionId":"b1a21f","runId":"pre-fix","hypothesisId":"H-ui3","location":"admin/src/layouts/AdminLayout.jsx","message":"AdminLayout mounted","data":{"path":"/admin/destinations"},"timestamp":1773806312393}
{"sessionId":"b1a21f","runId":"pre-fix","hypothesisId":"H-ui5","location":"admin/src/layouts/AdminLayout.jsx:postPaint","message":"AdminLayout post-paint DOM stats","data":{"path":"/admin/destinations","bodyChildCount":3,"rootChildCount":1,"elementCount":295,"viewport":{"w":1800,"h":1015}},"timestamp":1773806312397}
{"sessionId":"b1a21f","runId":"pre-fix","hypothesisId":"H-ui3","location":"admin/src/layouts/AdminLayout.jsx","message":"AdminLayout mounted","data":{"path":"/admin/activities"},"timestamp":1773806314760}
{"sessionId":"b1a21f","runId":"pre-fix","hypothesisId":"H-ui5","location":"admin/src/layouts/AdminLayout.jsx:postPaint","message":"AdminLayout post-paint DOM stats","data":{"path":"/admin/activities","bodyChildCount":3,"rootChildCount":1,"elementCount":152,"viewport":{"w":1800,"h":1015}},"timestamp":1773806314764}
{"sessionId":"b1a21f","runId":"pre-fix","hypothesisId":"H-ui3","location":"admin/src/layouts/AdminLayout.jsx","message":"AdminLayout mounted","data":{"path":"/admin/food"},"timestamp":1773806316658}
{"sessionId":"b1a21f","runId":"pre-fix","hypothesisId":"H-ui5","location":"admin/src/layouts/AdminLayout.jsx:postPaint","message":"AdminLayout post-paint DOM stats","data":{"path":"/admin/food","bodyChildCount":3,"rootChildCount":1,"elementCount":150,"viewport":{"w":1800,"h":1015}},"timestamp":1773806316664}
{"sessionId":"b1a21f","runId":"pre-fix","hypothesisId":"H-ui3","location":"admin/src/layouts/AdminLayout.jsx","message":"AdminLayout mounted","data":{"path":"/admin/accommodation"},"timestamp":1773806318293}
{"sessionId":"b1a21f","runId":"pre-fix","hypothesisId":"H-ui5","location":"admin/src/layouts/AdminLayout.jsx:postPaint","message":"AdminLayout post-paint DOM stats","data":{"path":"/admin/accommodation","bodyChildCount":3,"rootChildCount":1,"elementCount":146,"viewport":{"w":1800,"h":1015}},"timestamp":1773806318297}
{"sessionId":"b1a21f","runId":"pre-fix","hypothesisId":"H-ui3","location":"admin/src/layouts/AdminLayout.jsx","message":"AdminLayout mounted","data":{"path":"/admin/packages"},"timestamp":1773806320775}
{"sessionId":"b1a21f","runId":"pre-fix","hypothesisId":"H-ui5","location":"admin/src/layouts/AdminLayout.jsx:postPaint","message":"AdminLayout post-paint DOM stats","data":{"path":"/admin/packages","bodyChildCount":3,"rootChildCount":1,"elementCount":142,"viewport":{"w":1800,"h":1015}},"timestamp":1773806320781}
{"sessionId":"b1a21f","runId":"pre-fix","hypothesisId":"H-ui3","location":"admin/src/layouts/AdminLayout.jsx","message":"AdminLayout mounted","data":{"path":"/admin/requests"},"timestamp":1773806321568}
{"sessionId":"b1a21f","runId":"pre-fix","hypothesisId":"H-ui5","location":"admin/src/layouts/AdminLayout.jsx:postPaint","message":"AdminLayout post-paint DOM stats","data":{"path":"/admin/requests","bodyChildCount":3,"rootChildCount":1,"elementCount":185,"viewport":{"w":1800,"h":1015}},"timestamp":1773806321571}
{"sessionId":"b1a21f","runId":"pre-fix","hypothesisId":"H-ui3","location":"admin/src/layouts/AdminLayout.jsx","message":"AdminLayout mounted","data":{"path":"/admin/inquiries"},"timestamp":1773806322212}
{"sessionId":"b1a21f","runId":"pre-fix","hypothesisId":"H-ui5","location":"admin/src/layouts/AdminLayout.jsx:postPaint","message":"AdminLayout post-paint DOM stats","data":{"path":"/admin/inquiries","bodyChildCount":3,"rootChildCount":1,"elementCount":154,"viewport":{"w":1800,"h":1015}},"timestamp":1773806322220}
{"sessionId":"b1a21f","runId":"pre-fix","hypothesisId":"H-ui3","location":"admin/src/layouts/AdminLayout.jsx","message":"AdminLayout mounted","data":{"path":"/admin/activity-log"},"timestamp":1773806323158}
{"sessionId":"b1a21f","runId":"pre-fix","hypothesisId":"H-ui5","location":"admin/src/layouts/AdminLayout.jsx:postPaint","message":"AdminLayout post-paint DOM stats","data":{"path":"/admin/activity-log","bodyChildCount":3,"rootChildCount":1,"elementCount":160,"viewport":{"w":1800,"h":1015}},"timestamp":1773806323165}
{"sessionId":"b1a21f","runId":"pre-fix","hypothesisId":"H7","location":"server/controllers/publicController.js:getDestinations","message":"public destinations formatted","data":{"count":4,"sample":{"id":"41ba3eac-ab58-4356-9192-72b0854983fa","activitiesCount":2}},"timestamp":1773806324911}
{"sessionId":"b1a21f","runId":"pre-fix","hypothesisId":"H7","location":"server/controllers/publicController.js:getDestinations","message":"public destinations formatted","data":{"count":4,"sample":{"id":"41ba3eac-ab58-4356-9192-72b0854983fa","activitiesCount":2}},"timestamp":1773806326301}
{"sessionId":"b1a21f","runId":"pre-fix","hypothesisId":"H8","location":"client/src/pages/traveller/PlannerPage.jsx:destinationsQuery","message":"planner received public destinations","data":{"count":4,"sampleActivitiesCount":2},"timestamp":1773806326304}
{"sessionId":"b1a21f","runId":"pre-fix","hypothesisId":"H7","location":"server/controllers/publicController.js:getDestinations","message":"public destinations formatted","data":{"count":4,"sample":{"id":"41ba3eac-ab58-4356-9192-72b0854983fa","activitiesCount":2}},"timestamp":1773806393892}
{"sessionId":"b1a21f","runId":"pre-fix","hypothesisId":"H8","location":"client/src/pages/traveller/PlannerPage.jsx:destinationsQuery","message":"planner received public destinations","data":{"count":4,"sampleActivitiesCount":2},"timestamp":1773806393896}
{"sessionId":"b1a21f","runId":"pre-fix","hypothesisId":"H7","location":"server/controllers/publicController.js:getDestinations","message":"public destinations formatted","data":{"count":4,"sample":{"id":"41ba3eac-ab58-4356-9192-72b0854983fa","activitiesCount":2}},"timestamp":1773806397245}
{"sessionId":"b1a21f","runId":"pre-fix","hypothesisId":"H8","location":"client/src/pages/traveller/PlannerPage.jsx:destinationsQuery","message":"planner received public destinations","data":{"count":4,"sampleActivitiesCount":2},"timestamp":1773806397249}
{"sessionId":"b1a21f","runId":"pre-fix","hypothesisId":"H7","location":"server/controllers/publicController.js:getDestinations","message":"public destinations formatted","data":{"count":4,"sample":{"id":"41ba3eac-ab58-4356-9192-72b0854983fa","activitiesCount":2}},"timestamp":1773849590276}
{"sessionId":"b1a21f","runId":"pre-fix","hypothesisId":"H7","location":"server/controllers/publicController.js:getDestinations","message":"public destinations formatted","data":{"count":4,"sample":{"id":"41ba3eac-ab58-4356-9192-72b0854983fa","activitiesCount":2}},"timestamp":1773849676521}
{"sessionId":"b1a21f","runId":"pre-fix","hypothesisId":"H9","location":"server/controllers/authController.js:register","message":"register created user","data":{"userIdType":"string","userRole":"USER","hasJWTSecret":true},"timestamp":1773850062452}
{"sessionId":"b1a21f","runId":"pre-fix","hypothesisId":"H-ui2","location":"admin/src/main.jsx:BootLog","message":"root mounted","data":{"path":"/admin"},"timestamp":1773852287085}
{"sessionId":"b1a21f","runId":"pre-fix","hypothesisId":"H-ui2","location":"admin/src/main.jsx:BootLog","message":"root mounted","data":{"path":"/admin"},"timestamp":1773852287090}
{"sessionId":"b1a21f","runId":"pre-fix","hypothesisId":"H-ui4","location":"admin/src/pages/admin/DashboardOverview.jsx","message":"DashboardOverview mounted","data":{"path":"/admin"},"timestamp":1773852287523}
{"sessionId":"b1a21f","runId":"pre-fix","hypothesisId":"H-ui3","location":"admin/src/layouts/AdminLayout.jsx","message":"AdminLayout mounted","data":{"path":"/admin"},"timestamp":1773852287530}
{"sessionId":"b1a21f","runId":"pre-fix","hypothesisId":"H-ui","location":"admin/src/App.jsx:RequireAuth","message":"RequireAuth render state","data":{"hydrated":true,"isAuthenticated":true,"path":"/admin"},"timestamp":1773852287533}
{"sessionId":"b1a21f","runId":"pre-fix","hypothesisId":"H-ui4","location":"admin/src/pages/admin/DashboardOverview.jsx","message":"DashboardOverview mounted","data":{"path":"/admin"},"timestamp":1773852287542}
{"sessionId":"b1a21f","runId":"pre-fix","hypothesisId":"H-ui3","location":"admin/src/layouts/AdminLayout.jsx","message":"AdminLayout mounted","data":{"path":"/admin"},"timestamp":1773852287566}
{"sessionId":"b1a21f","runId":"pre-fix","hypothesisId":"H-ui5","location":"admin/src/layouts/AdminLayout.jsx:postPaint","message":"AdminLayout post-paint DOM stats","data":{"path":"/admin","bodyChildCount":3,"rootChildCount":1,"elementCount":235,"viewport":{"w":1800,"h":1015}},"timestamp":1773852287567}
{"sessionId":"b1a21f","runId":"pre-fix","hypothesisId":"H-ui","location":"admin/src/App.jsx:RequireAuth","message":"RequireAuth render state","data":{"hydrated":true,"isAuthenticated":true,"path":"/admin"},"timestamp":1773852287571}
{"sessionId":"b1a21f","runId":"pre-fix","hypothesisId":"H7","location":"server/controllers/publicController.js:getDestinations","message":"public destinations formatted","data":{"count":4,"sample":{"id":"41ba3eac-ab58-4356-9192-72b0854983fa","activitiesCount":2}},"timestamp":1773852291438}
{"sessionId":"b1a21f","runId":"pre-fix","hypothesisId":"H-ui4","location":"admin/src/pages/admin/DashboardOverview.jsx","message":"DashboardOverview mounted","data":{"path":"/admin"},"timestamp":1773852828382}
{"sessionId":"b1a21f","runId":"pre-fix","hypothesisId":"H-ui4","location":"admin/src/pages/admin/DashboardOverview.jsx","message":"DashboardOverview mounted","data":{"path":"/admin"},"timestamp":1773852828386}
{"sessionId":"b1a21f","runId":"pre-fix","hypothesisId":"H7","location":"server/controllers/publicController.js:getDestinations","message":"public destinations formatted","data":{"count":4,"sample":{"id":"41ba3eac-ab58-4356-9192-72b0854983fa","activitiesCount":2}},"timestamp":1773853435194}
{"sessionId":"b1a21f","runId":"pre-fix","hypothesisId":"H6","location":"server/controllers/authController.js:login","message":"login issued token","data":{"userIdType":"string","userRole":"ADMIN","hasJWTSecret":true},"timestamp":1773853477123}
{"sessionId":"b1a21f","runId":"pre-fix","hypothesisId":"H-ui4","location":"admin/src/pages/admin/DashboardOverview.jsx","message":"DashboardOverview mounted","data":{"path":"/admin"},"timestamp":1773853477387}
{"sessionId":"b1a21f","runId":"pre-fix","hypothesisId":"H-ui4","location":"admin/src/pages/admin/DashboardOverview.jsx","message":"DashboardOverview mounted","data":{"path":"/admin"},"timestamp":1773853477397}
{"sessionId":"b1a21f","runId":"pre-fix","hypothesisId":"H7","location":"server/controllers/publicController.js:getDestinations","message":"public destinations formatted","data":{"count":4,"sample":{"id":"41ba3eac-ab58-4356-9192-72b0854983fa","activitiesCount":2}},"timestamp":1773853921776}
{"sessionId":"b1a21f","runId":"pre-fix","hypothesisId":"H7","location":"server/controllers/publicController.js:getDestinations","message":"public destinations formatted","data":{"count":4,"sample":{"id":"41ba3eac-ab58-4356-9192-72b0854983fa","activitiesCount":2}},"timestamp":1773853943166}
{"sessionId":"b1a21f","runId":"pre-fix","hypothesisId":"H7","location":"server/controllers/publicController.js:getDestinations","message":"public destinations formatted","data":{"count":4,"sample":{"id":"41ba3eac-ab58-4356-9192-72b0854983fa","activitiesCount":2}},"timestamp":1773853969271}
{"sessionId":"b1a21f","runId":"pre-fix","hypothesisId":"H7","location":"server/controllers/publicController.js:getDestinations","message":"public destinations formatted","data":{"count":4,"sample":{"id":"41ba3eac-ab58-4356-9192-72b0854983fa","activitiesCount":2}},"timestamp":1773853973432}
{"sessionId":"b1a21f","runId":"pre-fix","hypothesisId":"H7","location":"server/controllers/publicController.js:getDestinations","message":"public destinations formatted","data":{"count":0,"sample":null},"timestamp":1773854141767}
{"sessionId":"b1a21f","runId":"pre-fix","hypothesisId":"H7","location":"server/controllers/publicController.js:getDestinations","message":"public destinations formatted","data":{"count":1,"sample":{"id":"41b585a6-ce2d-461f-a323-500ac3598976","activitiesCount":1}},"timestamp":1773854384772}
{"sessionId":"b1a21f","runId":"pre-fix","hypothesisId":"H7","location":"server/controllers/publicController.js:getDestinations","message":"public destinations formatted","data":{"count":4,"sample":{"id":"41b585a6-ce2d-461f-a323-500ac3598976","activitiesCount":1}},"timestamp":1773856645060}
{"sessionId":"b1a21f","runId":"pre-fix","hypothesisId":"H-ui4","location":"admin/src/pages/admin/DashboardOverview.jsx","message":"DashboardOverview mounted","data":{"path":"/admin"},"timestamp":1773856831279}
{"sessionId":"b1a21f","runId":"pre-fix","hypothesisId":"H-ui4","location":"admin/src/pages/admin/DashboardOverview.jsx","message":"DashboardOverview mounted","data":{"path":"/admin"},"timestamp":1773856831363}
{"sessionId":"b1a21f","runId":"pre-fix","hypothesisId":"H-ui4","location":"admin/src/pages/admin/DashboardOverview.jsx","message":"DashboardOverview mounted","data":{"path":"/admin"},"timestamp":1773856831642}
{"sessionId":"b1a21f","runId":"pre-fix","hypothesisId":"H-ui4","location":"admin/src/pages/admin/DashboardOverview.jsx","message":"DashboardOverview mounted","data":{"path":"/admin"},"timestamp":1773856831644}
{"sessionId":"b1a21f","runId":"pre-fix","hypothesisId":"H7","location":"server/controllers/publicController.js:getDestinations","message":"public destinations formatted","data":{"count":4,"sample":{"id":"41b585a6-ce2d-461f-a323-500ac3598976","activitiesCount":1}},"timestamp":1773856919552}
{"sessionId":"b1a21f","runId":"pre-fix","hypothesisId":"H7","location":"server/controllers/publicController.js:getDestinations","message":"public destinations formatted","data":{"count":4,"sample":{"id":"41b585a6-ce2d-461f-a323-500ac3598976","activitiesCount":1}},"timestamp":1773856921974}
{"sessionId":"b1a21f","runId":"pre-fix","hypothesisId":"H6","location":"server/controllers/authController.js:login","message":"login issued token","data":{"userIdType":"string","userRole":"ADMIN","hasJWTSecret":true},"timestamp":1773857458905}
{"sessionId":"b1a21f","runId":"pre-fix","hypothesisId":"H-ui4","location":"admin/src/pages/admin/DashboardOverview.jsx","message":"DashboardOverview mounted","data":{"path":"/admin"},"timestamp":1773857459279}
{"sessionId":"b1a21f","runId":"pre-fix","hypothesisId":"H-ui4","location":"admin/src/pages/admin/DashboardOverview.jsx","message":"DashboardOverview mounted","data":{"path":"/admin"},"timestamp":1773857459289}
{"sessionId":"b1a21f","runId":"pre-fix","hypothesisId":"H7","location":"server/controllers/publicController.js:getDestinations","message":"public destinations formatted","data":{"count":1,"sample":{"id":"4a8cff9c-11c1-47f4-8c40-5eb3e5f97d6c","activitiesCount":0}},"timestamp":1773857912361}
{"sessionId":"b1a21f","runId":"pre-fix","hypothesisId":"H7","location":"server/controllers/publicController.js:getDestinations","message":"public destinations formatted","data":{"count":1,"sample":{"id":"4a8cff9c-11c1-47f4-8c40-5eb3e5f97d6c","activitiesCount":0}},"timestamp":1773890941452}
{"sessionId":"b1a21f","runId":"pre-fix","hypothesisId":"H6","location":"server/controllers/authController.js:login","message":"login issued token","data":{"userIdType":"string","userRole":"ADMIN","hasJWTSecret":true},"timestamp":1773890948269}
{"sessionId":"b1a21f","runId":"pre-fix","hypothesisId":"H-ui4","location":"admin/src/pages/admin/DashboardOverview.jsx","message":"DashboardOverview mounted","data":{"path":"/admin"},"timestamp":1773890948349}
{"sessionId":"b1a21f","runId":"pre-fix","hypothesisId":"H-ui4","location":"admin/src/pages/admin/DashboardOverview.jsx","message":"DashboardOverview mounted","data":{"path":"/admin"},"timestamp":1773890948353}
{"sessionId":"b1a21f","runId":"pre-fix","hypothesisId":"H-ui4","location":"admin/src/pages/admin/DashboardOverview.jsx","message":"DashboardOverview mounted","data":{"path":"/admin"},"timestamp":1773891597806}
{"sessionId":"b1a21f","runId":"pre-fix","hypothesisId":"H-ui4","location":"admin/src/pages/admin/DashboardOverview.jsx","message":"DashboardOverview mounted","data":{"path":"/admin"},"timestamp":1773891597809}
{"sessionId":"b1a21f","runId":"pre-fix","hypothesisId":"H-ui4","location":"admin/src/pages/admin/DashboardOverview.jsx","message":"DashboardOverview mounted","data":{"path":"/admin"},"timestamp":1773891598154}
{"sessionId":"b1a21f","runId":"pre-fix","hypothesisId":"H-ui4","location":"admin/src/pages/admin/DashboardOverview.jsx","message":"DashboardOverview mounted","data":{"path":"/admin"},"timestamp":1773891598157}
{"sessionId":"b1a21f","runId":"pre-fix","hypothesisId":"H7","location":"server/controllers/publicController.js:getDestinations","message":"public destinations formatted","data":{"count":2,"sample":{"id":"4a8cff9c-11c1-47f4-8c40-5eb3e5f97d6c","activitiesCount":0}},"timestamp":1773891606892}
{"sessionId":"b1a21f","runId":"pre-fix","hypothesisId":"H7","location":"server/controllers/publicController.js:getDestinations","message":"public destinations formatted","data":{"count":2,"sample":{"id":"4a8cff9c-11c1-47f4-8c40-5eb3e5f97d6c","activitiesCount":0}},"timestamp":1773891610129}
{"sessionId":"b1a21f","runId":"pre-fix","hypothesisId":"H-ui4","location":"admin/src/pages/admin/DashboardOverview.jsx","message":"DashboardOverview mounted","data":{"path":"/admin"},"timestamp":1773893389553}
{"sessionId":"b1a21f","runId":"pre-fix","hypothesisId":"H-ui4","location":"admin/src/pages/admin/DashboardOverview.jsx","message":"DashboardOverview mounted","data":{"path":"/admin"},"timestamp":1773893389561}
{"sessionId":"b1a21f","runId":"pre-fix","hypothesisId":"H6","location":"server/controllers/authController.js:login","message":"login issued token","data":{"userIdType":"string","userRole":"ADMIN","hasJWTSecret":true},"timestamp":1773893394332}
{"sessionId":"b1a21f","runId":"pre-fix","hypothesisId":"H-ui4","location":"admin/src/pages/admin/DashboardOverview.jsx","message":"DashboardOverview mounted","data":{"path":"/admin"},"timestamp":1773893394400}
{"sessionId":"b1a21f","runId":"pre-fix","hypothesisId":"H-ui4","location":"admin/src/pages/admin/DashboardOverview.jsx","message":"DashboardOverview mounted","data":{"path":"/admin"},"timestamp":1773893394405}
{"sessionId":"b1a21f","runId":"pre-fix","hypothesisId":"H-ui4","location":"admin/src/pages/admin/DashboardOverview.jsx","message":"DashboardOverview mounted","data":{"path":"/admin"},"timestamp":1773893401289}
{"sessionId":"b1a21f","runId":"pre-fix","hypothesisId":"H-ui4","location":"admin/src/pages/admin/DashboardOverview.jsx","message":"DashboardOverview mounted","data":{"path":"/admin"},"timestamp":1773893401290}
{"sessionId":"b1a21f","runId":"pre-fix","hypothesisId":"H-ui4","location":"admin/src/pages/admin/DashboardOverview.jsx","message":"DashboardOverview mounted","data":{"path":"/admin"},"timestamp":1773893401656}
{"sessionId":"b1a21f","runId":"pre-fix","hypothesisId":"H-ui4","location":"admin/src/pages/admin/DashboardOverview.jsx","message":"DashboardOverview mounted","data":{"path":"/admin"},"timestamp":1773893401658}
{"sessionId":"b1a21f","runId":"pre-fix","hypothesisId":"H-ui4","location":"admin/src/pages/admin/DashboardOverview.jsx","message":"DashboardOverview mounted","data":{"path":"/admin"},"timestamp":1773893408891}
{"sessionId":"b1a21f","runId":"pre-fix","hypothesisId":"H-ui4","location":"admin/src/pages/admin/DashboardOverview.jsx","message":"DashboardOverview mounted","data":{"path":"/admin"},"timestamp":1773893408896}
{"sessionId":"b1a21f","runId":"pre-fix","hypothesisId":"H-ui4","location":"admin/src/pages/admin/DashboardOverview.jsx","message":"DashboardOverview mounted","data":{"path":"/admin"},"timestamp":1773893409258}
{"sessionId":"b1a21f","runId":"pre-fix","hypothesisId":"H-ui4","location":"admin/src/pages/admin/DashboardOverview.jsx","message":"DashboardOverview mounted","data":{"path":"/admin"},"timestamp":1773893409259}
{"sessionId":"b1a21f","runId":"pre-fix","hypothesisId":"H-ui4","location":"admin/src/pages/admin/DashboardOverview.jsx","message":"DashboardOverview mounted","data":{"path":"/admin"},"timestamp":1773893725026}
{"sessionId":"b1a21f","runId":"pre-fix","hypothesisId":"H-ui4","location":"admin/src/pages/admin/DashboardOverview.jsx","message":"DashboardOverview mounted","data":{"path":"/admin"},"timestamp":1773893725029}
{"sessionId":"b1a21f","runId":"pre-fix","hypothesisId":"H-ui4","location":"admin/src/pages/admin/DashboardOverview.jsx","message":"DashboardOverview mounted","data":{"path":"/admin"},"timestamp":1773893725288}
{"sessionId":"b1a21f","runId":"pre-fix","hypothesisId":"H-ui4","location":"admin/src/pages/admin/DashboardOverview.jsx","message":"DashboardOverview mounted","data":{"path":"/admin"},"timestamp":1773893725295}
{"sessionId":"b1a21f","runId":"pre-fix","hypothesisId":"H-ui4","location":"admin/src/pages/admin/DashboardOverview.jsx","message":"DashboardOverview mounted","data":{"path":"/admin"},"timestamp":1773894856794}
{"sessionId":"b1a21f","runId":"pre-fix","hypothesisId":"H-ui4","location":"admin/src/pages/admin/DashboardOverview.jsx","message":"DashboardOverview mounted","data":{"path":"/admin"},"timestamp":1773894856797}
{"sessionId":"b1a21f","runId":"pre-fix","hypothesisId":"H-ui4","location":"admin/src/pages/admin/DashboardOverview.jsx","message":"DashboardOverview mounted","data":{"path":"/admin"},"timestamp":1773894857165}
{"sessionId":"b1a21f","runId":"pre-fix","hypothesisId":"H-ui4","location":"admin/src/pages/admin/DashboardOverview.jsx","message":"DashboardOverview mounted","data":{"path":"/admin"},"timestamp":1773894857167}
{"sessionId":"b1a21f","runId":"pre-fix","hypothesisId":"H-ui4","location":"admin/src/pages/admin/DashboardOverview.jsx","message":"DashboardOverview mounted","data":{"path":"/admin"},"timestamp":1773895446616}
{"sessionId":"b1a21f","runId":"pre-fix","hypothesisId":"H-ui4","location":"admin/src/pages/admin/DashboardOverview.jsx","message":"DashboardOverview mounted","data":{"path":"/admin"},"timestamp":1773895446620}
{"sessionId":"b1a21f","runId":"pre-fix","hypothesisId":"H6","location":"server/controllers/authController.js:login","message":"login issued token","data":{"userIdType":"string","userRole":"ADMIN","hasJWTSecret":true},"timestamp":1773897301238}
{"sessionId":"b1a21f","runId":"pre-fix","hypothesisId":"H-ui4","location":"admin/src/pages/admin/DashboardOverview.jsx","message":"DashboardOverview mounted","data":{"path":"/admin"},"timestamp":1773897302202}
{"sessionId":"b1a21f","runId":"pre-fix","hypothesisId":"H-ui4","location":"admin/src/pages/admin/DashboardOverview.jsx","message":"DashboardOverview mounted","data":{"path":"/admin"},"timestamp":1773897302210}
{"sessionId":"b1a21f","runId":"pre-fix","hypothesisId":"H7","location":"server/controllers/publicController.js:getDestinations","message":"public destinations formatted","data":{"count":1,"sample":{"id":"cmmwzegkz0003s6yao2iia8l4","activitiesCount":2}},"timestamp":1773911077291}
{"sessionId":"b1a21f","runId":"pre-fix","hypothesisId":"H-ui4","location":"admin/src/pages/admin/DashboardOverview.jsx","message":"DashboardOverview mounted","data":{"path":"/admin"},"timestamp":1773911080643}
{"sessionId":"b1a21f","runId":"pre-fix","hypothesisId":"H-ui4","location":"admin/src/pages/admin/DashboardOverview.jsx","message":"DashboardOverview mounted","data":{"path":"/admin"},"timestamp":1773911080645}
{"sessionId":"b1a21f","runId":"pre-fix","hypothesisId":"H6","location":"server/controllers/authController.js:login","message":"login issued token","data":{"userIdType":"string","userRole":"ADMIN","hasJWTSecret":true},"timestamp":1773911082848}
{"sessionId":"b1a21f","runId":"pre-fix","hypothesisId":"H-ui4","location":"admin/src/pages/admin/DashboardOverview.jsx","message":"DashboardOverview mounted","data":{"path":"/admin"},"timestamp":1773911082911}
{"sessionId":"b1a21f","runId":"pre-fix","hypothesisId":"H-ui4","location":"admin/src/pages/admin/DashboardOverview.jsx","message":"DashboardOverview mounted","data":{"path":"/admin"},"timestamp":1773911082913}
{"sessionId":"b1a21f","runId":"pre-fix","hypothesisId":"H7","location":"server/controllers/publicController.js:getDestinations","message":"public destinations formatted","data":{"count":2,"sample":{"id":"cmmwzegkz0003s6yao2iia8l4","activitiesCount":2}},"timestamp":1773911409748}
{"sessionId":"b1a21f","runId":"pre-fix","hypothesisId":"H7","location":"server/controllers/publicController.js:getDestinations","message":"public destinations formatted","data":{"count":2,"sample":{"id":"cmmwzegkz0003s6yao2iia8l4","activitiesCount":2}},"timestamp":1773911413370}
{"sessionId":"b1a21f","runId":"pre-fix","hypothesisId":"H7","location":"server/controllers/publicController.js:getDestinations","message":"public destinations formatted","data":{"count":2,"sample":{"id":"cmmwzegkz0003s6yao2iia8l4","activitiesCount":2}},"timestamp":1773911414914}
{"sessionId":"b1a21f","runId":"pre-fix","hypothesisId":"H7","location":"server/controllers/publicController.js:getDestinations","message":"public destinations formatted","data":{"count":2,"sample":{"id":"cmmwzegkz0003s6yao2iia8l4","activitiesCount":2}},"timestamp":1773911416929}
{"sessionId":"b1a21f","runId":"pre-fix","hypothesisId":"H7","location":"server/controllers/publicController.js:getDestinations","message":"public destinations formatted","data":{"count":2,"sample":{"id":"cmmwzegkz0003s6yao2iia8l4","activitiesCount":2}},"timestamp":1773911420945}
{"sessionId":"b1a21f","runId":"pre-fix","hypothesisId":"H7","location":"server/controllers/publicController.js:getDestinations","message":"public destinations formatted","data":{"count":2,"sample":{"id":"cmmwzegkz0003s6yao2iia8l4","activitiesCount":2}},"timestamp":1773911438509}
{"sessionId":"b1a21f","runId":"pre-fix","hypothesisId":"H7","location":"server/controllers/publicController.js:getDestinations","message":"public destinations formatted","data":{"count":2,"sample":{"id":"cmmwzegkz0003s6yao2iia8l4","activitiesCount":2}},"timestamp":1773911439520}
{"sessionId":"b1a21f","runId":"pre-fix","hypothesisId":"H7","location":"server/controllers/publicController.js:getDestinations","message":"public destinations formatted","data":{"count":2,"sample":{"id":"cmmwzegkz0003s6yao2iia8l4","activitiesCount":2}},"timestamp":1773911450989}
{"sessionId":"b1a21f","runId":"pre-fix","hypothesisId":"H7","location":"server/controllers/publicController.js:getDestinations","message":"public destinations formatted","data":{"count":2,"sample":{"id":"cmmwzegkz0003s6yao2iia8l4","activitiesCount":2}},"timestamp":1773911452153}
{"sessionId":"b1a21f","runId":"pre-fix","hypothesisId":"H7","location":"server/controllers/publicController.js:getDestinations","message":"public destinations formatted","data":{"count":2,"sample":{"id":"cmmwzegkz0003s6yao2iia8l4","activitiesCount":2}},"timestamp":1773911454164}
{"sessionId":"b1a21f","runId":"pre-fix","hypothesisId":"H7","location":"server/controllers/publicController.js:getDestinations","message":"public destinations formatted","data":{"count":2,"sample":{"id":"cmmwzegkz0003s6yao2iia8l4","activitiesCount":2}},"timestamp":1773911458176}
{"sessionId":"b1a21f","runId":"pre-fix","hypothesisId":"H7","location":"server/controllers/publicController.js:getDestinations","message":"public destinations formatted","data":{"count":2,"sample":{"id":"cmmwzegkz0003s6yao2iia8l4","activitiesCount":2}},"timestamp":1773911468594}
{"sessionId":"b1a21f","runId":"pre-fix","hypothesisId":"H-ui4","location":"admin/src/pages/admin/DashboardOverview.jsx","message":"DashboardOverview mounted","data":{"path":"/admin"},"timestamp":1773911469342}
{"sessionId":"b1a21f","runId":"pre-fix","hypothesisId":"H-ui4","location":"admin/src/pages/admin/DashboardOverview.jsx","message":"DashboardOverview mounted","data":{"path":"/admin"},"timestamp":1773911469350}
{"sessionId":"b1a21f","runId":"pre-fix","hypothesisId":"H7","location":"server/controllers/publicController.js:getDestinations","message":"public destinations formatted","data":{"count":2,"sample":{"id":"cmmwzegkz0003s6yao2iia8l4","activitiesCount":2}},"timestamp":1773911469629}
{"sessionId":"b1a21f","runId":"pre-fix","hypothesisId":"H7","location":"server/controllers/publicController.js:getDestinations","message":"public destinations formatted","data":{"count":2,"sample":{"id":"cmmwzegkz0003s6yao2iia8l4","activitiesCount":2}},"timestamp":1773911477283}
{"sessionId":"b1a21f","runId":"pre-fix","hypothesisId":"H-ui4","location":"admin/src/pages/admin/DashboardOverview.jsx","message":"DashboardOverview mounted","data":{"path":"/admin"},"timestamp":1773911814061}
{"sessionId":"b1a21f","runId":"pre-fix","hypothesisId":"H-ui4","location":"admin/src/pages/admin/DashboardOverview.jsx","message":"DashboardOverview mounted","data":{"path":"/admin"},"timestamp":1773911814067}
{"sessionId":"b1a21f","runId":"pre-fix","hypothesisId":"H7","location":"server/controllers/publicController.js:getDestinations","message":"public destinations formatted","data":{"count":2,"sample":{"id":"cmmwzegkz0003s6yao2iia8l4","activitiesCount":2}},"timestamp":1773925379447}
{"sessionId":"b1a21f","runId":"pre-fix","hypothesisId":"H-ui4","location":"admin/src/pages/admin/DashboardOverview.jsx","message":"DashboardOverview mounted","data":{"path":"/admin"},"timestamp":1773925383247}
{"sessionId":"b1a21f","runId":"pre-fix","hypothesisId":"H-ui4","location":"admin/src/pages/admin/DashboardOverview.jsx","message":"DashboardOverview mounted","data":{"path":"/admin"},"timestamp":1773925383249}
{"sessionId":"b1a21f","runId":"pre-fix","hypothesisId":"H6","location":"server/controllers/authController.js:login","message":"login issued token","data":{"userIdType":"string","userRole":"ADMIN","hasJWTSecret":true},"timestamp":1773925385269}
{"sessionId":"b1a21f","runId":"pre-fix","hypothesisId":"H-ui4","location":"admin/src/pages/admin/DashboardOverview.jsx","message":"DashboardOverview mounted","data":{"path":"/admin"},"timestamp":1773925385335}
{"sessionId":"b1a21f","runId":"pre-fix","hypothesisId":"H-ui4","location":"admin/src/pages/admin/DashboardOverview.jsx","message":"DashboardOverview mounted","data":{"path":"/admin"},"timestamp":1773925385338}
{"sessionId":"b1a21f","runId":"pre-fix","hypothesisId":"H-ui4","location":"admin/src/pages/admin/DashboardOverview.jsx","message":"DashboardOverview mounted","data":{"path":"/admin"},"timestamp":1773925467143}
{"sessionId":"b1a21f","runId":"pre-fix","hypothesisId":"H-ui4","location":"admin/src/pages/admin/DashboardOverview.jsx","message":"DashboardOverview mounted","data":{"path":"/admin"},"timestamp":1773925467146}
{"sessionId":"b1a21f","runId":"pre-fix","hypothesisId":"H-ui4","location":"admin/src/pages/admin/DashboardOverview.jsx","message":"DashboardOverview mounted","data":{"path":"/admin"},"timestamp":1773925467490}
{"sessionId":"b1a21f","runId":"pre-fix","hypothesisId":"H-ui4","location":"admin/src/pages/admin/DashboardOverview.jsx","message":"DashboardOverview mounted","data":{"path":"/admin"},"timestamp":1773925467492}
{"sessionId":"b1a21f","runId":"pre-fix","hypothesisId":"H7","location":"server/controllers/publicController.js:getDestinations","message":"public destinations formatted","data":{"count":2,"sample":{"id":"cmmwzegkz0003s6yao2iia8l4","activitiesCount":2}},"timestamp":1773925471918}
{"sessionId":"b1a21f","runId":"pre-fix","hypothesisId":"H9","location":"server/controllers/authController.js:register","message":"register created user","data":{"userIdType":"string","userRole":"USER","hasJWTSecret":true},"timestamp":1773925531751}
{"sessionId":"b1a21f","runId":"pre-fix","hypothesisId":"H7","location":"server/controllers/publicController.js:getDestinations","message":"public destinations formatted","data":{"count":2,"sample":{"id":"cmmwzegkz0003s6yao2iia8l4","activitiesCount":2}},"timestamp":1773925675954}
{"sessionId":"b1a21f","runId":"pre-fix","hypothesisId":"H-ui4","location":"admin/src/pages/admin/DashboardOverview.jsx","message":"DashboardOverview mounted","data":{"path":"/admin"},"timestamp":1773925702849}
{"sessionId":"b1a21f","runId":"pre-fix","hypothesisId":"H-ui4","location":"admin/src/pages/admin/DashboardOverview.jsx","message":"DashboardOverview mounted","data":{"path":"/admin"},"timestamp":1773925702852}
{"sessionId":"b1a21f","runId":"pre-fix","hypothesisId":"H7","location":"server/controllers/publicController.js:getDestinations","message":"public destinations formatted","data":{"count":2,"sample":{"id":"cmmwzegkz0003s6yao2iia8l4","activitiesCount":2}},"timestamp":1773925953209}
{"sessionId":"b1a21f","runId":"pre-fix","hypothesisId":"H7","location":"server/controllers/publicController.js:getDestinations","message":"public destinations formatted","data":{"count":2,"sample":{"id":"cmmwzegkz0003s6yao2iia8l4","activitiesCount":2}},"timestamp":1773925962295}
{"sessionId":"b1a21f","runId":"pre-fix","hypothesisId":"H7","location":"server/controllers/publicController.js:getDestinations","message":"public destinations formatted","data":{"count":2,"sample":{"id":"cmmwzegkz0003s6yao2iia8l4","activitiesCount":2}},"timestamp":1773925972996}
{"sessionId":"b1a21f","runId":"pre-fix","hypothesisId":"H7","location":"server/controllers/publicController.js:getDestinations","message":"public destinations formatted","data":{"count":2,"sample":{"id":"cmmwzegkz0003s6yao2iia8l4","activitiesCount":2}},"timestamp":1773926498983}
{"sessionId":"b1a21f","runId":"pre-fix","hypothesisId":"H7","location":"server/controllers/publicController.js:getDestinations","message":"public destinations formatted","data":{"count":2,"sample":{"id":"cmmwzegkz0003s6yao2iia8l4","activitiesCount":2}},"timestamp":1773926742553}
